<?xml version="1.0" encoding="UTF-8"?>
<!-- Generated by org.testng.reporters.JUnitReportReporter -->
<testsuite hostname="DESKTOP-F3OEKE4" failures="0" tests="4" name="testClasses.CalculationTest" time="51.826" errors="0" timestamp="2025-06-09T22:42:14 IST" skipped="0">
  <testcase classname="testClasses.CalculationTest" name="multiplication" time="12.867"/>
  <system-out/>
  <testcase classname="testClasses.CalculationTest" name="subtraction" time="12.854"/>
  <system-out/>
  <testcase classname="testClasses.CalculationTest" name="addition" time="12.992"/>
  <system-out/>
  <testcase classname="testClasses.CalculationTest" name="divsion" time="13.113"/>
  <system-out/>
</testsuite> <!-- testClasses.CalculationTest -->
